<?xml version="1.0" encoding="UTF-8"?>
<testng-results ignored="0" total="3" passed="3" failed="0" skipped="0">
  <reporter-output>
  </reporter-output>
  <suite started-at="2024-10-06T13:15:44 IST" name="BrowserTests" finished-at="2024-10-06T13:19:07 IST" duration-ms="203179">
    <groups>
    </groups>
    <test started-at="2024-10-06T13:15:44 IST" name="ChromeTest" finished-at="2024-10-06T13:17:16 IST" duration-ms="92347">
      <class name="DevOpsAssignment.Dev">
        <test-method signature="Amazon(java.lang.String)[pri:0, instance:DevOpsAssignment.Dev@6aeb35e6]" started-at="2024-10-06T13:15:44 IST" name="Amazon" finished-at="2024-10-06T13:17:16 IST" duration-ms="92256" status="PASS">
          <params>
            <param index="0">
              <value>
                <![CDATA[chrome]]>
              </value>
            </param>
          </params>
          <reporter-output>
          </reporter-output>
        </test-method> <!-- Amazon -->
      </class> <!-- DevOpsAssignment.Dev -->
    </test> <!-- ChromeTest -->
    <test started-at="2024-10-06T13:15:44 IST" name="FirefoxTest" finished-at="2024-10-06T13:17:32 IST" duration-ms="107559">
      <class name="DevOpsAssignment.Dev">
        <test-method signature="Amazon(java.lang.String)[pri:0, instance:DevOpsAssignment.Dev@7e6f74c]" started-at="2024-10-06T13:15:44 IST" name="Amazon" finished-at="2024-10-06T13:17:32 IST" duration-ms="107497" status="PASS">
          <params>
            <param index="0">
              <value>
                <![CDATA[firefox]]>
              </value>
            </param>
          </params>
          <reporter-output>
          </reporter-output>
        </test-method> <!-- Amazon -->
      </class> <!-- DevOpsAssignment.Dev -->
    </test> <!-- FirefoxTest -->
    <test started-at="2024-10-06T13:15:44 IST" name="EdgeTest" finished-at="2024-10-06T13:19:07 IST" duration-ms="203161">
      <class name="DevOpsAssignment.Dev">
        <test-method signature="Amazon(java.lang.String)[pri:0, instance:DevOpsAssignment.Dev@6a78afa0]" started-at="2024-10-06T13:15:44 IST" name="Amazon" finished-at="2024-10-06T13:19:07 IST" duration-ms="203093" status="PASS">
          <params>
            <param index="0">
              <value>
                <![CDATA[edge]]>
              </value>
            </param>
          </params>
          <reporter-output>
          </reporter-output>
        </test-method> <!-- Amazon -->
      </class> <!-- DevOpsAssignment.Dev -->
    </test> <!-- EdgeTest -->
  </suite> <!-- BrowserTests -->
</testng-results>
